

Started GET "/" for 127.0.0.1 at 2014-02-04 15:02:54 -0800
Processing by Rails::WelcomeController#index as HTML
  Rendered /Users/vmendi/.rvm/gems/ruby-2.1.0@RubyTut/gems/railties-4.0.2/lib/rails/templates/rails/welcome/index.html.erb (1.3ms)
Completed 200 OK in 7ms (Views: 6.9ms | ActiveRecord: 0.0ms)


Started GET "/" for 127.0.0.1 at 2014-02-04 15:17:54 -0800
Processing by Rails::WelcomeController#index as HTML
  Rendered /Users/vmendi/.rvm/gems/ruby-2.1.0@RubyTut/gems/railties-4.0.2/lib/rails/templates/rails/welcome/index.html.erb (0.0ms)
Completed 200 OK in 2ms (Views: 1.3ms | ActiveRecord: 0.0ms)


Started GET "/rails/info/properties" for 127.0.0.1 at 2014-02-04 15:18:14 -0800
Processing by Rails::InfoController#properties as */*
  Rendered /Users/vmendi/.rvm/gems/ruby-2.1.0@RubyTut/gems/railties-4.0.2/lib/rails/templates/rails/info/properties.html.erb (0.3ms)
Completed 200 OK in 14ms (Views: 7.5ms | ActiveRecord: 1.5ms)


Started GET "/" for 127.0.0.1 at 2014-02-04 16:00:41 -0800
Processing by Rails::WelcomeController#index as HTML
  Rendered /Users/vmendi/.rvm/gems/ruby-2.1.0@RubyTut/gems/railties-4.0.2/lib/rails/templates/rails/welcome/index.html.erb (1.1ms)
Completed 200 OK in 6ms (Views: 5.5ms | ActiveRecord: 0.0ms)


Started GET "/rails/info/properties" for 127.0.0.1 at 2014-02-04 16:00:42 -0800
Processing by Rails::InfoController#properties as */*
  Rendered /Users/vmendi/.rvm/gems/ruby-2.1.0@RubyTut/gems/railties-4.0.2/lib/rails/templates/rails/info/properties.html.erb (0.4ms)
Completed 200 OK in 12ms (Views: 7.8ms | ActiveRecord: 0.8ms)
